[2018-10-24 18:47:13.096] [exthost1] [info] extension host started
[2018-10-24 18:47:13.124] [exthost1] [info] ExtensionService#_doActivateExtension vscode.debug-auto-launch {"startup":true,"activationEvent":"*"}
[2018-10-24 18:47:13.124] [exthost1] [info] ExtensionService#loadCommonJSModule /usr/share/code/resources/app/extensions/debug-auto-launch/out/extension
[2018-10-24 18:47:13.254] [exthost1] [info] ExtensionService#_doActivateExtension vscode.emmet {"startup":true,"activationEvent":"*"}
[2018-10-24 18:47:13.254] [exthost1] [info] ExtensionService#loadCommonJSModule /usr/share/code/resources/app/extensions/emmet/dist/extension
[2018-10-24 18:47:13.569] [exthost1] [info] ExtensionService#_doActivateExtension vscode.git {"startup":true,"activationEvent":"*"}
[2018-10-24 18:47:13.569] [exthost1] [info] ExtensionService#loadCommonJSModule /usr/share/code/resources/app/extensions/git/dist/main
[2018-10-24 18:47:19.013] [exthost1] [info] ExtensionService#_doActivateExtension vscode.merge-conflict {"startup":true,"activationEvent":"*"}
[2018-10-24 18:47:19.013] [exthost1] [info] ExtensionService#loadCommonJSModule /usr/share/code/resources/app/extensions/merge-conflict/out/extension
[2018-10-24 18:47:19.088] [exthost1] [info] ExtensionService#_doActivateExtension vscode.search-rg {"startup":true,"activationEvent":"*"}
[2018-10-24 18:47:19.088] [exthost1] [info] ExtensionService#loadCommonJSModule /usr/share/code/resources/app/extensions/search-rg/out/extension
[2018-10-24 18:47:19.524] [exthost1] [info] ExtensionService#_doActivateExtension christian-kohler.path-intellisense {"startup":true,"activationEvent":"*"}
[2018-10-24 18:47:19.524] [exthost1] [info] ExtensionService#loadCommonJSModule /root/.vscode/extensions/christian-kohler.path-intellisense-1.4.2/out/src/extension
[2018-10-24 18:47:20.321] [exthost1] [info] ExtensionService#_doActivateExtension EditorConfig.EditorConfig {"startup":true,"activationEvent":"*"}
[2018-10-24 18:47:20.321] [exthost1] [info] ExtensionService#loadCommonJSModule /root/.vscode/extensions/editorconfig.editorconfig-0.12.4/out/src/editorConfigMain
[2018-10-24 18:47:21.507] [exthost1] [info] ExtensionService#_doActivateExtension esbenp.prettier-vscode {"startup":true,"activationEvent":"*"}
[2018-10-24 18:47:21.507] [exthost1] [info] ExtensionService#loadCommonJSModule /root/.vscode/extensions/esbenp.prettier-vscode-1.6.1/out/src/extension
[2018-10-24 18:47:23.635] [exthost1] [info] ExtensionService#_doActivateExtension formulahendry.auto-close-tag {"startup":true,"activationEvent":"*"}
[2018-10-24 18:47:23.635] [exthost1] [info] ExtensionService#loadCommonJSModule /root/.vscode/extensions/formulahendry.auto-close-tag-0.5.6/out/src/extension
[2018-10-24 18:47:23.774] [exthost1] [info] ExtensionService#_doActivateExtension formulahendry.auto-rename-tag {"startup":true,"activationEvent":"*"}
[2018-10-24 18:47:23.774] [exthost1] [info] ExtensionService#loadCommonJSModule /root/.vscode/extensions/formulahendry.auto-rename-tag-0.0.15/out/src/extension
[2018-10-24 18:47:23.898] [exthost1] [info] ExtensionService#_doActivateExtension infinity1207.angular2-switcher {"startup":true,"activationEvent":"*"}
[2018-10-24 18:47:23.898] [exthost1] [info] ExtensionService#loadCommonJSModule /root/.vscode/extensions/infinity1207.angular2-switcher-0.1.9/out/src/extension
[2018-10-24 18:47:24.003] [exthost1] [info] eager extensions activated
[2018-10-24 18:48:10.029] [exthost1] [info] extension host started
[2018-10-24 18:48:10.046] [exthost1] [info] ExtensionService#_doActivateExtension vscode.debug-auto-launch {"startup":true,"activationEvent":"*"}
[2018-10-24 18:48:10.046] [exthost1] [info] ExtensionService#loadCommonJSModule /usr/share/code/resources/app/extensions/debug-auto-launch/out/extension
[2018-10-24 18:48:10.051] [exthost1] [info] ExtensionService#_doActivateExtension vscode.emmet {"startup":true,"activationEvent":"*"}
[2018-10-24 18:48:10.051] [exthost1] [info] ExtensionService#loadCommonJSModule /usr/share/code/resources/app/extensions/emmet/dist/extension
[2018-10-24 18:48:10.079] [exthost1] [info] ExtensionService#_doActivateExtension vscode.git {"startup":true,"activationEvent":"*"}
[2018-10-24 18:48:10.079] [exthost1] [info] ExtensionService#loadCommonJSModule /usr/share/code/resources/app/extensions/git/dist/main
[2018-10-24 18:48:10.420] [exthost1] [info] ExtensionService#_doActivateExtension vscode.merge-conflict {"startup":true,"activationEvent":"*"}
[2018-10-24 18:48:10.420] [exthost1] [info] ExtensionService#loadCommonJSModule /usr/share/code/resources/app/extensions/merge-conflict/out/extension
[2018-10-24 18:48:10.427] [exthost1] [info] ExtensionService#_doActivateExtension vscode.search-rg {"startup":true,"activationEvent":"*"}
[2018-10-24 18:48:10.427] [exthost1] [info] ExtensionService#loadCommonJSModule /usr/share/code/resources/app/extensions/search-rg/out/extension
[2018-10-24 18:48:10.432] [exthost1] [info] ExtensionService#_doActivateExtension christian-kohler.path-intellisense {"startup":true,"activationEvent":"*"}
[2018-10-24 18:48:10.432] [exthost1] [info] ExtensionService#loadCommonJSModule /root/.vscode/extensions/christian-kohler.path-intellisense-1.4.2/out/src/extension
[2018-10-24 18:48:10.438] [exthost1] [info] ExtensionService#_doActivateExtension EditorConfig.EditorConfig {"startup":true,"activationEvent":"*"}
[2018-10-24 18:48:10.438] [exthost1] [info] ExtensionService#loadCommonJSModule /root/.vscode/extensions/editorconfig.editorconfig-0.12.4/out/src/editorConfigMain
[2018-10-24 18:48:10.752] [exthost1] [info] ExtensionService#_doActivateExtension esbenp.prettier-vscode {"startup":true,"activationEvent":"*"}
[2018-10-24 18:48:10.752] [exthost1] [info] ExtensionService#loadCommonJSModule /root/.vscode/extensions/esbenp.prettier-vscode-1.6.1/out/src/extension
[2018-10-24 18:48:10.916] [exthost1] [info] ExtensionService#_doActivateExtension formulahendry.auto-close-tag {"startup":true,"activationEvent":"*"}
[2018-10-24 18:48:10.916] [exthost1] [info] ExtensionService#loadCommonJSModule /root/.vscode/extensions/formulahendry.auto-close-tag-0.5.6/out/src/extension
[2018-10-24 18:48:10.917] [exthost1] [info] ExtensionService#_doActivateExtension formulahendry.auto-rename-tag {"startup":true,"activationEvent":"*"}
[2018-10-24 18:48:10.917] [exthost1] [info] ExtensionService#loadCommonJSModule /root/.vscode/extensions/formulahendry.auto-rename-tag-0.0.15/out/src/extension
[2018-10-24 18:48:10.919] [exthost1] [info] ExtensionService#_doActivateExtension infinity1207.angular2-switcher {"startup":true,"activationEvent":"*"}
[2018-10-24 18:48:10.919] [exthost1] [info] ExtensionService#loadCommonJSModule /root/.vscode/extensions/infinity1207.angular2-switcher-0.1.9/out/src/extension
[2018-10-24 18:48:10.940] [exthost1] [info] ExtensionService#_doActivateExtension AngularDoc.angulardoc-vscode {"startup":true,"activationEvent":"workspaceContains:package.json"}
[2018-10-24 18:48:10.940] [exthost1] [info] ExtensionService#loadCommonJSModule /root/.vscode/extensions/angulardoc.angulardoc-vscode-6.1.3/build/main
[2018-10-24 18:49:24.738] [exthost1] [info] ExtensionService#_doActivateExtension cyrilletuzi.angular-schematics {"startup":true,"activationEvent":"workspaceContains:.angular-cli.json"}
[2018-10-24 18:49:24.738] [exthost1] [info] ExtensionService#loadCommonJSModule /root/.vscode/extensions/cyrilletuzi.angular-schematics-1.9.0/out/extension
[2018-10-24 18:49:27.004] [exthost1] [info] eager extensions activated
[2018-10-24 18:49:27.266] [exthost1] [info] ExtensionService#_doActivateExtension vscode.extension-editing {"startup":false,"activationEvent":"onLanguage:typescript"}
[2018-10-24 18:49:27.266] [exthost1] [info] ExtensionService#loadCommonJSModule /usr/share/code/resources/app/extensions/extension-editing/out/extension
[2018-10-24 18:49:28.432] [exthost1] [info] ExtensionService#_doActivateExtension vscode.typescript-language-features {"startup":false,"activationEvent":"onLanguage:typescript"}
[2018-10-24 18:49:28.432] [exthost1] [info] ExtensionService#loadCommonJSModule /usr/share/code/resources/app/extensions/typescript-language-features/dist/extension
[2018-10-24 18:49:39.920] [exthost1] [info] ExtensionService#_doActivateExtension Angular.ng-template {"startup":false,"activationEvent":"onLanguage:typescript"}
[2018-10-24 18:49:39.920] [exthost1] [info] ExtensionService#loadCommonJSModule /root/.vscode/extensions/angular.ng-template-0.1.10/out/extension
[2018-10-24 18:49:45.053] [exthost1] [info] ExtensionService#_doActivateExtension eg2.tslint {"startup":false,"activationEvent":"onLanguage:typescript"}
[2018-10-24 18:49:45.053] [exthost1] [info] ExtensionService#loadCommonJSModule /root/.vscode/extensions/eg2.tslint-1.0.40/out/extension
[2018-10-24 18:49:51.913] [exthost1] [info] ExtensionService#_doActivateExtension NG-42.ng-fortytwo-vscode-extension {"startup":false,"activationEvent":"onLanguage:typescript"}
[2018-10-24 18:49:51.913] [exthost1] [info] ExtensionService#loadCommonJSModule /root/.vscode/extensions/ng-42.ng-fortytwo-vscode-extension-0.0.9/out/src/ng42Main.js
[2018-10-24 18:50:13.000] [exthost1] [info] ExtensionService#_doActivateExtension rbbit.typescript-hero {"startup":false,"activationEvent":"onLanguage:typescript"}
[2018-10-24 18:50:13.000] [exthost1] [info] ExtensionService#loadCommonJSModule /root/.vscode/extensions/rbbit.typescript-hero-2.3.2/out/src/extension
[2018-10-24 18:50:39.241] [exthost1] [info] ExtensionService#_doActivateExtension steoates.autoimport {"startup":false,"activationEvent":"onLanguage:typescript"}
[2018-10-24 18:50:39.241] [exthost1] [info] ExtensionService#loadCommonJSModule /root/.vscode/extensions/steoates.autoimport-1.5.3/out/src/extension
[2018-10-24 18:53:47.572] [exthost1] [info] ExtensionService#_doActivateExtension vscode.configuration-editing {"startup":false,"activationEvent":"onLanguage:jsonc"}
[2018-10-24 18:53:47.572] [exthost1] [info] ExtensionService#loadCommonJSModule /usr/share/code/resources/app/extensions/configuration-editing/out/extension
[2018-10-24 18:53:51.387] [exthost1] [info] ExtensionService#_doActivateExtension vscode.json-language-features {"startup":false,"activationEvent":"onLanguage:jsonc"}
[2018-10-24 18:53:51.387] [exthost1] [info] ExtensionService#loadCommonJSModule /usr/share/code/resources/app/extensions/json-language-features/client/dist/jsonMain
